<?xml version="1.0" encoding="UTF-8"?>
<!-- Generated by org.testng.reporters.JUnitReportReporter -->
<testsuite hostname="DESKTOP-KP769BJ" failures="0" tests="2" name="testScripts.TakeTheCourseTest" time="158.872" errors="0" timestamp="2021-08-19T14:24:26 IST" skipped="0">
  <testcase classname="testScripts.TakeTheCourseTest" name="Testcase3" time="55.979"/>
  <system-out/>
  <testcase classname="testScripts.TakeTheCourseTest" name="Testcase3" time="102.893"/>
  <system-out/>
</testsuite> <!-- testScripts.TakeTheCourseTest -->
