<?xml version="1.0" encoding="UTF-8"?>
<!-- Generated by org.testng.reporters.JUnitReportReporter -->
<testsuite hostname="DESKTOP-KP769BJ" failures="0" tests="2" name="testScripts.TakeTheCourseTest" time="114.536" errors="0" timestamp="2021-08-21T20:27:24 IST" skipped="0">
  <testcase classname="testScripts.TakeTheCourseTest" name="Testcase3" time="58.640"/>
  <system-out/>
  <testcase classname="testScripts.TakeTheCourseTest" name="Testcase3" time="55.896"/>
  <system-out/>
</testsuite> <!-- testScripts.TakeTheCourseTest -->
